[0.544s] Invoking command in '/home/sevket/su-alti-gorev-row/src/rov_vision': PYTHONPATH=/home/sevket/su-alti-gorev-row/build/rov_vision/prefix_override:/usr/lib/python3/dist-packages/colcon_core/task/python/colcon_distutils_commands:/home/sevket/su-alti-gorev-row/install/rov_vision/lib/python3.10/site-packages:${PYTHONPATH} /usr/bin/python3 -W ignore:setup.py install is deprecated -W ignore:easy_install command is deprecated setup.py egg_info --egg-base ../../build/rov_vision build --build-base /home/sevket/su-alti-gorev-row/build/rov_vision/build install --record /home/sevket/su-alti-gorev-row/build/rov_vision/install.log --single-version-externally-managed install_data
[0.662s] running egg_info
[0.663s] writing ../../build/rov_vision/rov_vision.egg-info/PKG-INFO
[0.663s] writing dependency_links to ../../build/rov_vision/rov_vision.egg-info/dependency_links.txt
[0.663s] writing entry points to ../../build/rov_vision/rov_vision.egg-info/entry_points.txt
[0.663s] writing requirements to ../../build/rov_vision/rov_vision.egg-info/requires.txt
[0.663s] writing top-level names to ../../build/rov_vision/rov_vision.egg-info/top_level.txt
[0.664s] reading manifest file '../../build/rov_vision/rov_vision.egg-info/SOURCES.txt'
[0.665s] writing manifest file '../../build/rov_vision/rov_vision.egg-info/SOURCES.txt'
[0.665s] running build
[0.665s] running build_py
[0.665s] copying rov_vision/mission_orbit.py -> /home/sevket/su-alti-gorev-row/build/rov_vision/build/lib/rov_vision
[0.665s] running install
[0.666s] running install_lib
[0.666s] copying /home/sevket/su-alti-gorev-row/build/rov_vision/build/lib/rov_vision/mission_orbit.py -> /home/sevket/su-alti-gorev-row/install/rov_vision/lib/python3.10/site-packages/rov_vision
[0.667s] byte-compiling /home/sevket/su-alti-gorev-row/install/rov_vision/lib/python3.10/site-packages/rov_vision/mission_orbit.py to mission_orbit.cpython-310.pyc
[0.668s] running install_data
[0.668s] running install_egg_info
[0.669s] removing '/home/sevket/su-alti-gorev-row/install/rov_vision/lib/python3.10/site-packages/rov_vision-0.0.0-py3.10.egg-info' (and everything under it)
[0.670s] Copying ../../build/rov_vision/rov_vision.egg-info to /home/sevket/su-alti-gorev-row/install/rov_vision/lib/python3.10/site-packages/rov_vision-0.0.0-py3.10.egg-info
[0.670s] running install_scripts
[0.683s] Installing autonomous_driver script to /home/sevket/su-alti-gorev-row/install/rov_vision/lib/rov_vision
[0.683s] Installing line_follower script to /home/sevket/su-alti-gorev-row/install/rov_vision/lib/rov_vision
[0.683s] Installing mission_orbit script to /home/sevket/su-alti-gorev-row/install/rov_vision/lib/rov_vision
[0.683s] Installing video_publisher script to /home/sevket/su-alti-gorev-row/install/rov_vision/lib/rov_vision
[0.683s] writing list of installed files to '/home/sevket/su-alti-gorev-row/build/rov_vision/install.log'
[0.698s] Invoked command in '/home/sevket/su-alti-gorev-row/src/rov_vision' returned '0': PYTHONPATH=/home/sevket/su-alti-gorev-row/build/rov_vision/prefix_override:/usr/lib/python3/dist-packages/colcon_core/task/python/colcon_distutils_commands:/home/sevket/su-alti-gorev-row/install/rov_vision/lib/python3.10/site-packages:${PYTHONPATH} /usr/bin/python3 -W ignore:setup.py install is deprecated -W ignore:easy_install command is deprecated setup.py egg_info --egg-base ../../build/rov_vision build --build-base /home/sevket/su-alti-gorev-row/build/rov_vision/build install --record /home/sevket/su-alti-gorev-row/build/rov_vision/install.log --single-version-externally-managed install_data
