running egg_info
creating ../../build/rov_vision/rov_vision.egg-info
writing ../../build/rov_vision/rov_vision.egg-info/PKG-INFO
writing dependency_links to ../../build/rov_vision/rov_vision.egg-info/dependency_links.txt
writing entry points to ../../build/rov_vision/rov_vision.egg-info/entry_points.txt
writing requirements to ../../build/rov_vision/rov_vision.egg-info/requires.txt
writing top-level names to ../../build/rov_vision/rov_vision.egg-info/top_level.txt
writing manifest file '../../build/rov_vision/rov_vision.egg-info/SOURCES.txt'
reading manifest file '../../build/rov_vision/rov_vision.egg-info/SOURCES.txt'
writing manifest file '../../build/rov_vision/rov_vision.egg-info/SOURCES.txt'
running build
running build_py
creating /home/sevket/teknofest_ws/build/rov_vision/build
creating /home/sevket/teknofest_ws/build/rov_vision/build/lib
creating /home/sevket/teknofest_ws/build/rov_vision/build/lib/rov_vision
copying rov_vision/video_publisher.py -> /home/sevket/teknofest_ws/build/rov_vision/build/lib/rov_vision
copying rov_vision/__init__.py -> /home/sevket/teknofest_ws/build/rov_vision/build/lib/rov_vision
copying rov_vision/line_follower.py -> /home/sevket/teknofest_ws/build/rov_vision/build/lib/rov_vision
running install
running install_lib
creating /home/sevket/teknofest_ws/install/rov_vision/lib/python3.10/site-packages/rov_vision
copying /home/sevket/teknofest_ws/build/rov_vision/build/lib/rov_vision/video_publisher.py -> /home/sevket/teknofest_ws/install/rov_vision/lib/python3.10/site-packages/rov_vision
copying /home/sevket/teknofest_ws/build/rov_vision/build/lib/rov_vision/__init__.py -> /home/sevket/teknofest_ws/install/rov_vision/lib/python3.10/site-packages/rov_vision
copying /home/sevket/teknofest_ws/build/rov_vision/build/lib/rov_vision/line_follower.py -> /home/sevket/teknofest_ws/install/rov_vision/lib/python3.10/site-packages/rov_vision
byte-compiling /home/sevket/teknofest_ws/install/rov_vision/lib/python3.10/site-packages/rov_vision/video_publisher.py to video_publisher.cpython-310.pyc
byte-compiling /home/sevket/teknofest_ws/install/rov_vision/lib/python3.10/site-packages/rov_vision/__init__.py to __init__.cpython-310.pyc
byte-compiling /home/sevket/teknofest_ws/install/rov_vision/lib/python3.10/site-packages/rov_vision/line_follower.py to line_follower.cpython-310.pyc
running install_data
creating /home/sevket/teknofest_ws/install/rov_vision/share/ament_index
creating /home/sevket/teknofest_ws/install/rov_vision/share/ament_index/resource_index
creating /home/sevket/teknofest_ws/install/rov_vision/share/ament_index/resource_index/packages
copying resource/rov_vision -> /home/sevket/teknofest_ws/install/rov_vision/share/ament_index/resource_index/packages
copying package.xml -> /home/sevket/teknofest_ws/install/rov_vision/share/rov_vision
creating /home/sevket/teknofest_ws/install/rov_vision/share/rov_vision/launch
copying launch/line_follower.launch.py -> /home/sevket/teknofest_ws/install/rov_vision/share/rov_vision/launch
running install_egg_info
Copying ../../build/rov_vision/rov_vision.egg-info to /home/sevket/teknofest_ws/install/rov_vision/lib/python3.10/site-packages/rov_vision-0.0.0-py3.10.egg-info
running install_scripts
Installing line_follower script to /home/sevket/teknofest_ws/install/rov_vision/lib/rov_vision
Installing video_publisher script to /home/sevket/teknofest_ws/install/rov_vision/lib/rov_vision
writing list of installed files to '/home/sevket/teknofest_ws/build/rov_vision/install.log'
