/home/sevket/su-alti-gorev-row/install/rov_vision/lib/python3.10/site-packages/rov_vision/video_publisher.py
/home/sevket/su-alti-gorev-row/install/rov_vision/lib/python3.10/site-packages/rov_vision/mission_orbit.py
/home/sevket/su-alti-gorev-row/install/rov_vision/lib/python3.10/site-packages/rov_vision/autonomous_driver.py
/home/sevket/su-alti-gorev-row/install/rov_vision/lib/python3.10/site-packages/rov_vision/__init__.py
/home/sevket/su-alti-gorev-row/install/rov_vision/lib/python3.10/site-packages/rov_vision/line_follower.py
/home/sevket/su-alti-gorev-row/install/rov_vision/lib/python3.10/site-packages/rov_vision/__pycache__/video_publisher.cpython-310.pyc
/home/sevket/su-alti-gorev-row/install/rov_vision/lib/python3.10/site-packages/rov_vision/__pycache__/mission_orbit.cpython-310.pyc
/home/sevket/su-alti-gorev-row/install/rov_vision/lib/python3.10/site-packages/rov_vision/__pycache__/autonomous_driver.cpython-310.pyc
/home/sevket/su-alti-gorev-row/install/rov_vision/lib/python3.10/site-packages/rov_vision/__pycache__/__init__.cpython-310.pyc
/home/sevket/su-alti-gorev-row/install/rov_vision/lib/python3.10/site-packages/rov_vision/__pycache__/line_follower.cpython-310.pyc
/home/sevket/su-alti-gorev-row/install/rov_vision/share/ament_index/resource_index/packages/rov_vision
/home/sevket/su-alti-gorev-row/install/rov_vision/share/rov_vision/package.xml
/home/sevket/su-alti-gorev-row/install/rov_vision/share/rov_vision/launch/autonomous_driver.launch.py
/home/sevket/su-alti-gorev-row/install/rov_vision/share/rov_vision/launch/line_follower.launch.py
/home/sevket/su-alti-gorev-row/install/rov_vision/lib/python3.10/site-packages/rov_vision-0.0.0-py3.10.egg-info/dependency_links.txt
/home/sevket/su-alti-gorev-row/install/rov_vision/lib/python3.10/site-packages/rov_vision-0.0.0-py3.10.egg-info/zip-safe
/home/sevket/su-alti-gorev-row/install/rov_vision/lib/python3.10/site-packages/rov_vision-0.0.0-py3.10.egg-info/PKG-INFO
/home/sevket/su-alti-gorev-row/install/rov_vision/lib/python3.10/site-packages/rov_vision-0.0.0-py3.10.egg-info/top_level.txt
/home/sevket/su-alti-gorev-row/install/rov_vision/lib/python3.10/site-packages/rov_vision-0.0.0-py3.10.egg-info/entry_points.txt
/home/sevket/su-alti-gorev-row/install/rov_vision/lib/python3.10/site-packages/rov_vision-0.0.0-py3.10.egg-info/SOURCES.txt
/home/sevket/su-alti-gorev-row/install/rov_vision/lib/python3.10/site-packages/rov_vision-0.0.0-py3.10.egg-info/requires.txt
/home/sevket/su-alti-gorev-row/install/rov_vision/lib/rov_vision/autonomous_driver
/home/sevket/su-alti-gorev-row/install/rov_vision/lib/rov_vision/line_follower
/home/sevket/su-alti-gorev-row/install/rov_vision/lib/rov_vision/mission_orbit
/home/sevket/su-alti-gorev-row/install/rov_vision/lib/rov_vision/video_publisher
