[0.520s] Invoking command in '/home/sevket/teknofest_ws/src/rov_vision': PYTHONPATH=/home/sevket/teknofest_ws/build/rov_vision/prefix_override:/usr/lib/python3/dist-packages/colcon_core/task/python/colcon_distutils_commands:/home/sevket/teknofest_ws/install/rov_vision/lib/python3.10/site-packages:${PYTHONPATH} /usr/bin/python3 -W ignore:setup.py install is deprecated -W ignore:easy_install command is deprecated setup.py egg_info --egg-base ../../build/rov_vision build --build-base /home/sevket/teknofest_ws/build/rov_vision/build install --record /home/sevket/teknofest_ws/build/rov_vision/install.log --single-version-externally-managed install_data
[0.648s] running egg_info
[0.648s] writing ../../build/rov_vision/rov_vision.egg-info/PKG-INFO
[0.652s] writing dependency_links to ../../build/rov_vision/rov_vision.egg-info/dependency_links.txt
[0.653s] writing entry points to ../../build/rov_vision/rov_vision.egg-info/entry_points.txt
[0.653s] writing requirements to ../../build/rov_vision/rov_vision.egg-info/requires.txt
[0.653s] writing top-level names to ../../build/rov_vision/rov_vision.egg-info/top_level.txt
[0.654s] reading manifest file '../../build/rov_vision/rov_vision.egg-info/SOURCES.txt'
[0.655s] writing manifest file '../../build/rov_vision/rov_vision.egg-info/SOURCES.txt'
[0.655s] running build
[0.655s] running build_py
[0.657s] running install
[0.657s] running install_lib
[0.658s] running install_data
[0.658s] running install_egg_info
[0.660s] removing '/home/sevket/teknofest_ws/install/rov_vision/lib/python3.10/site-packages/rov_vision-0.0.0-py3.10.egg-info' (and everything under it)
[0.661s] Copying ../../build/rov_vision/rov_vision.egg-info to /home/sevket/teknofest_ws/install/rov_vision/lib/python3.10/site-packages/rov_vision-0.0.0-py3.10.egg-info
[0.662s] running install_scripts
[0.674s] Installing line_follower script to /home/sevket/teknofest_ws/install/rov_vision/lib/rov_vision
[0.674s] Installing video_publisher script to /home/sevket/teknofest_ws/install/rov_vision/lib/rov_vision
[0.675s] writing list of installed files to '/home/sevket/teknofest_ws/build/rov_vision/install.log'
[0.688s] Invoked command in '/home/sevket/teknofest_ws/src/rov_vision' returned '0': PYTHONPATH=/home/sevket/teknofest_ws/build/rov_vision/prefix_override:/usr/lib/python3/dist-packages/colcon_core/task/python/colcon_distutils_commands:/home/sevket/teknofest_ws/install/rov_vision/lib/python3.10/site-packages:${PYTHONPATH} /usr/bin/python3 -W ignore:setup.py install is deprecated -W ignore:easy_install command is deprecated setup.py egg_info --egg-base ../../build/rov_vision build --build-base /home/sevket/teknofest_ws/build/rov_vision/build install --record /home/sevket/teknofest_ws/build/rov_vision/install.log --single-version-externally-managed install_data
