[0.336s] Invoking command in '/home/sevket/teknofest_ws/src/rov_vision': PYTHONPATH=/home/sevket/teknofest_ws/build/rov_vision/prefix_override:/usr/lib/python3/dist-packages/colcon_core/task/python/colcon_distutils_commands:/home/sevket/teknofest_ws/install/rov_vision/lib/python3.10/site-packages:${PYTHONPATH} /usr/bin/python3 -W ignore:setup.py install is deprecated -W ignore:easy_install command is deprecated setup.py egg_info --egg-base ../../build/rov_vision build --build-base /home/sevket/teknofest_ws/build/rov_vision/build install --record /home/sevket/teknofest_ws/build/rov_vision/install.log --single-version-externally-managed install_data
[0.454s] running egg_info
[0.454s] writing ../../build/rov_vision/rov_vision.egg-info/PKG-INFO
[0.455s] writing dependency_links to ../../build/rov_vision/rov_vision.egg-info/dependency_links.txt
[0.455s] writing entry points to ../../build/rov_vision/rov_vision.egg-info/entry_points.txt
[0.455s] writing requirements to ../../build/rov_vision/rov_vision.egg-info/requires.txt
[0.455s] writing top-level names to ../../build/rov_vision/rov_vision.egg-info/top_level.txt
[0.455s] reading manifest file '../../build/rov_vision/rov_vision.egg-info/SOURCES.txt'
[0.456s] writing manifest file '../../build/rov_vision/rov_vision.egg-info/SOURCES.txt'
[0.456s] running build
[0.456s] running build_py
[0.456s] copying rov_vision/video_publisher.py -> /home/sevket/teknofest_ws/build/rov_vision/build/lib/rov_vision
[0.456s] running install
[0.456s] running install_lib
[0.457s] copying /home/sevket/teknofest_ws/build/rov_vision/build/lib/rov_vision/video_publisher.py -> /home/sevket/teknofest_ws/install/rov_vision/lib/python3.10/site-packages/rov_vision
[0.457s] byte-compiling /home/sevket/teknofest_ws/install/rov_vision/lib/python3.10/site-packages/rov_vision/video_publisher.py to video_publisher.cpython-310.pyc
[0.457s] running install_data
[0.458s] running install_egg_info
[0.459s] removing '/home/sevket/teknofest_ws/install/rov_vision/lib/python3.10/site-packages/rov_vision-0.0.0-py3.10.egg-info' (and everything under it)
[0.459s] Copying ../../build/rov_vision/rov_vision.egg-info to /home/sevket/teknofest_ws/install/rov_vision/lib/python3.10/site-packages/rov_vision-0.0.0-py3.10.egg-info
[0.459s] running install_scripts
[0.471s] Installing line_follower script to /home/sevket/teknofest_ws/install/rov_vision/lib/rov_vision
[0.471s] Installing video_publisher script to /home/sevket/teknofest_ws/install/rov_vision/lib/rov_vision
[0.472s] writing list of installed files to '/home/sevket/teknofest_ws/build/rov_vision/install.log'
[0.484s] Invoked command in '/home/sevket/teknofest_ws/src/rov_vision' returned '0': PYTHONPATH=/home/sevket/teknofest_ws/build/rov_vision/prefix_override:/usr/lib/python3/dist-packages/colcon_core/task/python/colcon_distutils_commands:/home/sevket/teknofest_ws/install/rov_vision/lib/python3.10/site-packages:${PYTHONPATH} /usr/bin/python3 -W ignore:setup.py install is deprecated -W ignore:easy_install command is deprecated setup.py egg_info --egg-base ../../build/rov_vision build --build-base /home/sevket/teknofest_ws/build/rov_vision/build install --record /home/sevket/teknofest_ws/build/rov_vision/install.log --single-version-externally-managed install_data
