[0.649s] DEBUG:colcon:Command line arguments: ['/usr/bin/colcon', 'build', '--packages-select', 'rov_vision']
[0.649s] DEBUG:colcon:Parsed command line arguments: Namespace(log_base=None, log_level=None, verb_name='build', build_base='build', install_base='install', merge_install=False, symlink_install=False, test_result_base=None, continue_on_error=False, executor='parallel', parallel_workers=16, event_handlers=None, ignore_user_meta=False, metas=['./colcon.meta'], base_paths=['.'], packages_ignore=None, packages_ignore_regex=None, paths=None, packages_up_to=None, packages_up_to_regex=None, packages_above=None, packages_above_and_dependencies=None, packages_above_depth=None, packages_select_by_dep=None, packages_skip_by_dep=None, packages_skip_up_to=None, packages_select_build_failed=False, packages_skip_build_finished=False, packages_select_test_failures=False, packages_skip_test_passed=False, packages_select=['rov_vision'], packages_skip=None, packages_select_regex=None, packages_skip_regex=None, packages_start=None, packages_end=None, allow_overriding=[], cmake_args=None, cmake_target=None, cmake_target_skip_unavailable=False, cmake_clean_cache=False, cmake_clean_first=False, cmake_force_configure=False, ament_cmake_args=None, catkin_cmake_args=None, catkin_skip_building_tests=False, verb_parser=<colcon_defaults.argument_parser.defaults.DefaultArgumentsDecorator object at 0x726556f23100>, verb_extension=<colcon_core.verb.build.BuildVerb object at 0x726556f22bc0>, main=<bound method BuildVerb.main of <colcon_core.verb.build.BuildVerb object at 0x726556f22bc0>>)
[0.958s] Level 1:colcon.colcon_core.package_discovery:discover_packages(colcon_meta) check parameters
[0.958s] Level 1:colcon.colcon_core.package_discovery:discover_packages(recursive) check parameters
[0.958s] Level 1:colcon.colcon_core.package_discovery:discover_packages(ignore) check parameters
[0.959s] Level 1:colcon.colcon_core.package_discovery:discover_packages(path) check parameters
[0.959s] Level 1:colcon.colcon_core.package_discovery:discover_packages(colcon_meta) discover
[0.959s] Level 1:colcon.colcon_core.package_discovery:discover_packages(recursive) discover
[0.959s] INFO:colcon.colcon_core.package_discovery:Crawling recursively for packages in '/mnt/c/Users/msı/Desktop/teknofest-akay'
[0.961s] Level 1:colcon.colcon_core.package_identification:_identify(.) by extensions ['ignore', 'ignore_ament_install']
[0.961s] Level 1:colcon.colcon_core.package_identification:_identify(.) by extension 'ignore'
[0.961s] Level 1:colcon.colcon_core.package_identification:_identify(.) by extension 'ignore_ament_install'
[0.962s] Level 1:colcon.colcon_core.package_identification:_identify(.) by extensions ['colcon_pkg']
[0.962s] Level 1:colcon.colcon_core.package_identification:_identify(.) by extension 'colcon_pkg'
[0.962s] Level 1:colcon.colcon_core.package_identification:_identify(.) by extensions ['colcon_meta']
[0.962s] Level 1:colcon.colcon_core.package_identification:_identify(.) by extension 'colcon_meta'
[0.962s] Level 1:colcon.colcon_core.package_identification:_identify(.) by extensions ['ros']
[0.962s] Level 1:colcon.colcon_core.package_identification:_identify(.) by extension 'ros'
[0.977s] Level 1:colcon.colcon_core.package_identification:_identify(.) by extensions ['cmake', 'python']
[0.977s] Level 1:colcon.colcon_core.package_identification:_identify(.) by extension 'cmake'
[0.977s] Level 1:colcon.colcon_core.package_identification:_identify(.) by extension 'python'
[0.978s] Level 1:colcon.colcon_core.package_identification:_identify(.) by extensions ['python_setup_py']
[0.978s] Level 1:colcon.colcon_core.package_identification:_identify(.) by extension 'python_setup_py'
[0.980s] Level 1:colcon.colcon_core.package_identification:_identify(build) by extensions ['ignore', 'ignore_ament_install']
[0.980s] Level 1:colcon.colcon_core.package_identification:_identify(build) by extension 'ignore'
[0.981s] Level 1:colcon.colcon_core.package_identification:_identify(build) ignored
[0.983s] Level 1:colcon.colcon_core.package_identification:_identify(install) by extensions ['ignore', 'ignore_ament_install']
[0.983s] Level 1:colcon.colcon_core.package_identification:_identify(install) by extension 'ignore'
[0.985s] Level 1:colcon.colcon_core.package_identification:_identify(install) ignored
[0.986s] Level 1:colcon.colcon_core.package_identification:_identify(log) by extensions ['ignore', 'ignore_ament_install']
[0.986s] Level 1:colcon.colcon_core.package_identification:_identify(log) by extension 'ignore'
[0.987s] Level 1:colcon.colcon_core.package_identification:_identify(log) ignored
[0.989s] Level 1:colcon.colcon_core.package_identification:_identify(src) by extensions ['ignore', 'ignore_ament_install']
[0.990s] Level 1:colcon.colcon_core.package_identification:_identify(src) by extension 'ignore'
[0.990s] Level 1:colcon.colcon_core.package_identification:_identify(src) by extension 'ignore_ament_install'
[0.991s] Level 1:colcon.colcon_core.package_identification:_identify(src) by extensions ['colcon_pkg']
[0.992s] Level 1:colcon.colcon_core.package_identification:_identify(src) by extension 'colcon_pkg'
[0.992s] Level 1:colcon.colcon_core.package_identification:_identify(src) by extensions ['colcon_meta']
[0.992s] Level 1:colcon.colcon_core.package_identification:_identify(src) by extension 'colcon_meta'
[0.993s] Level 1:colcon.colcon_core.package_identification:_identify(src) by extensions ['ros']
[0.993s] Level 1:colcon.colcon_core.package_identification:_identify(src) by extension 'ros'
[0.996s] Level 1:colcon.colcon_core.package_identification:_identify(src) by extensions ['cmake', 'python']
[0.996s] Level 1:colcon.colcon_core.package_identification:_identify(src) by extension 'cmake'
[0.997s] Level 1:colcon.colcon_core.package_identification:_identify(src) by extension 'python'
[0.998s] Level 1:colcon.colcon_core.package_identification:_identify(src) by extensions ['python_setup_py']
[0.998s] Level 1:colcon.colcon_core.package_identification:_identify(src) by extension 'python_setup_py'
[1.034s] Level 1:colcon.colcon_core.package_identification:_identify(src/rov_vision) by extensions ['ignore', 'ignore_ament_install']
[1.036s] Level 1:colcon.colcon_core.package_identification:_identify(src/rov_vision) by extension 'ignore'
[1.040s] Level 1:colcon.colcon_core.package_identification:_identify(src/rov_vision) by extension 'ignore_ament_install'
[1.057s] Level 1:colcon.colcon_core.package_identification:_identify(src/rov_vision) by extensions ['colcon_pkg']
[1.058s] Level 1:colcon.colcon_core.package_identification:_identify(src/rov_vision) by extension 'colcon_pkg'
[1.064s] Level 1:colcon.colcon_core.package_identification:_identify(src/rov_vision) by extensions ['colcon_meta']
[1.064s] Level 1:colcon.colcon_core.package_identification:_identify(src/rov_vision) by extension 'colcon_meta'
[1.075s] Level 1:colcon.colcon_core.package_identification:_identify(src/rov_vision) by extensions ['ros']
[1.077s] Level 1:colcon.colcon_core.package_identification:_identify(src/rov_vision) by extension 'ros'
[1.117s] DEBUG:colcon.colcon_core.package_identification:Package 'src/rov_vision' with type 'ros.ament_python' and name 'rov_vision'
[1.118s] Level 1:colcon.colcon_core.package_discovery:discover_packages(recursive) using defaults
[1.118s] Level 1:colcon.colcon_core.package_discovery:discover_packages(ignore) discover
[1.119s] Level 1:colcon.colcon_core.package_discovery:discover_packages(ignore) using defaults
[1.119s] Level 1:colcon.colcon_core.package_discovery:discover_packages(path) discover
[1.119s] Level 1:colcon.colcon_core.package_discovery:discover_packages(path) using defaults
[1.153s] Level 1:colcon.colcon_core.package_discovery:discover_packages(prefix_path) check parameters
[1.154s] Level 1:colcon.colcon_core.package_discovery:discover_packages(prefix_path) discover
[1.157s] DEBUG:colcon.colcon_installed_package_information.package_discovery:Found 1 installed packages in /home/sevket/teknofest_ws/install
[1.158s] DEBUG:colcon.colcon_installed_package_information.package_discovery:Found 273 installed packages in /opt/ros/humble
[1.160s] Level 1:colcon.colcon_core.package_discovery:discover_packages(prefix_path) using defaults
[1.195s] Level 5:colcon.colcon_core.verb:set package 'rov_vision' build argument 'cmake_args' from command line to 'None'
[1.195s] Level 5:colcon.colcon_core.verb:set package 'rov_vision' build argument 'cmake_target' from command line to 'None'
[1.195s] Level 5:colcon.colcon_core.verb:set package 'rov_vision' build argument 'cmake_target_skip_unavailable' from command line to 'False'
[1.195s] Level 5:colcon.colcon_core.verb:set package 'rov_vision' build argument 'cmake_clean_cache' from command line to 'False'
[1.196s] Level 5:colcon.colcon_core.verb:set package 'rov_vision' build argument 'cmake_clean_first' from command line to 'False'
[1.196s] Level 5:colcon.colcon_core.verb:set package 'rov_vision' build argument 'cmake_force_configure' from command line to 'False'
[1.196s] Level 5:colcon.colcon_core.verb:set package 'rov_vision' build argument 'ament_cmake_args' from command line to 'None'
[1.196s] Level 5:colcon.colcon_core.verb:set package 'rov_vision' build argument 'catkin_cmake_args' from command line to 'None'
[1.196s] Level 5:colcon.colcon_core.verb:set package 'rov_vision' build argument 'catkin_skip_building_tests' from command line to 'False'
[1.198s] DEBUG:colcon.colcon_core.verb:Building package 'rov_vision' with the following arguments: {'ament_cmake_args': None, 'build_base': '/mnt/c/Users/msı/Desktop/teknofest-akay/build/rov_vision', 'catkin_cmake_args': None, 'catkin_skip_building_tests': False, 'cmake_args': None, 'cmake_clean_cache': False, 'cmake_clean_first': False, 'cmake_force_configure': False, 'cmake_target': None, 'cmake_target_skip_unavailable': False, 'install_base': '/mnt/c/Users/msı/Desktop/teknofest-akay/install/rov_vision', 'merge_install': False, 'path': '/mnt/c/Users/msı/Desktop/teknofest-akay/src/rov_vision', 'symlink_install': False, 'test_result_base': None}
[1.199s] INFO:colcon.colcon_core.executor:Executing jobs using 'parallel' executor
[1.200s] DEBUG:colcon.colcon_parallel_executor.executor.parallel:run_until_complete
[1.200s] INFO:colcon.colcon_ros.task.ament_python.build:Building ROS package in '/mnt/c/Users/msı/Desktop/teknofest-akay/src/rov_vision' with build type 'ament_python'
[1.200s] Level 1:colcon.colcon_core.shell:create_environment_hook('rov_vision', 'ament_prefix_path')
[1.207s] INFO:colcon.colcon_core.plugin_system:Skipping extension 'colcon_core.shell.bat': Not used on non-Windows systems
[1.207s] INFO:colcon.colcon_core.shell:Creating environment hook '/mnt/c/Users/msı/Desktop/teknofest-akay/install/rov_vision/share/rov_vision/hook/ament_prefix_path.ps1'
[1.255s] INFO:colcon.colcon_core.shell:Creating environment descriptor '/mnt/c/Users/msı/Desktop/teknofest-akay/install/rov_vision/share/rov_vision/hook/ament_prefix_path.dsv'
[1.351s] INFO:colcon.colcon_core.shell:Creating environment hook '/mnt/c/Users/msı/Desktop/teknofest-akay/install/rov_vision/share/rov_vision/hook/ament_prefix_path.sh'
[1.419s] INFO:colcon.colcon_core.shell:Skip shell extension 'powershell' for command environment: Not usable outside of PowerShell
[1.422s] DEBUG:colcon.colcon_core.shell:Skip shell extension 'dsv' for command environment
[2.015s] INFO:colcon.colcon_core.task.python.build:Building Python package in '/mnt/c/Users/msı/Desktop/teknofest-akay/src/rov_vision'
[2.015s] INFO:colcon.colcon_core.shell:Skip shell extension 'powershell' for command environment: Not usable outside of PowerShell
[2.016s] DEBUG:colcon.colcon_core.shell:Skip shell extension 'dsv' for command environment
[6.557s] DEBUG:colcon.colcon_core.event_handler.log_command:Invoking command in '/mnt/c/Users/msı/Desktop/teknofest-akay/src/rov_vision': PYTHONPATH=/mnt/c/Users/msı/Desktop/teknofest-akay/build/rov_vision/prefix_override:/usr/lib/python3/dist-packages/colcon_core/task/python/colcon_distutils_commands:/mnt/c/Users/msı/Desktop/teknofest-akay/install/rov_vision/lib/python3.10/site-packages:${PYTHONPATH} /usr/bin/python3 -W ignore:setup.py install is deprecated -W ignore:easy_install command is deprecated setup.py egg_info --egg-base ../../build/rov_vision build --build-base /mnt/c/Users/msı/Desktop/teknofest-akay/build/rov_vision/build install --record /mnt/c/Users/msı/Desktop/teknofest-akay/build/rov_vision/install.log --single-version-externally-managed install_data
[10.386s] Level 1:colcon.colcon_core.environment:checking '/mnt/c/Users/msı/Desktop/teknofest-akay/install/rov_vision' for CMake module files
[10.387s] DEBUG:colcon.colcon_core.event_handler.log_command:Invoked command in '/mnt/c/Users/msı/Desktop/teknofest-akay/src/rov_vision' returned '0': PYTHONPATH=/mnt/c/Users/msı/Desktop/teknofest-akay/build/rov_vision/prefix_override:/usr/lib/python3/dist-packages/colcon_core/task/python/colcon_distutils_commands:/mnt/c/Users/msı/Desktop/teknofest-akay/install/rov_vision/lib/python3.10/site-packages:${PYTHONPATH} /usr/bin/python3 -W ignore:setup.py install is deprecated -W ignore:easy_install command is deprecated setup.py egg_info --egg-base ../../build/rov_vision build --build-base /mnt/c/Users/msı/Desktop/teknofest-akay/build/rov_vision/build install --record /mnt/c/Users/msı/Desktop/teknofest-akay/build/rov_vision/install.log --single-version-externally-managed install_data
[10.777s] Level 1:colcon.colcon_core.environment:checking '/mnt/c/Users/msı/Desktop/teknofest-akay/install/rov_vision' for CMake config files
[11.037s] Level 1:colcon.colcon_core.environment:checking '/mnt/c/Users/msı/Desktop/teknofest-akay/install/rov_vision/lib'
[11.045s] Level 1:colcon.colcon_core.environment:checking '/mnt/c/Users/msı/Desktop/teknofest-akay/install/rov_vision/bin'
[11.047s] Level 1:colcon.colcon_core.environment:checking '/mnt/c/Users/msı/Desktop/teknofest-akay/install/rov_vision/lib/pkgconfig/rov_vision.pc'
[11.050s] Level 1:colcon.colcon_core.environment:checking '/mnt/c/Users/msı/Desktop/teknofest-akay/install/rov_vision/lib/python3.10/site-packages'
[11.066s] Level 1:colcon.colcon_core.shell:create_environment_hook('rov_vision', 'pythonpath')
[11.067s] INFO:colcon.colcon_core.shell:Creating environment hook '/mnt/c/Users/msı/Desktop/teknofest-akay/install/rov_vision/share/rov_vision/hook/pythonpath.ps1'
[11.152s] INFO:colcon.colcon_core.shell:Creating environment descriptor '/mnt/c/Users/msı/Desktop/teknofest-akay/install/rov_vision/share/rov_vision/hook/pythonpath.dsv'
[11.233s] INFO:colcon.colcon_core.shell:Creating environment hook '/mnt/c/Users/msı/Desktop/teknofest-akay/install/rov_vision/share/rov_vision/hook/pythonpath.sh'
[11.301s] Level 1:colcon.colcon_core.environment:checking '/mnt/c/Users/msı/Desktop/teknofest-akay/install/rov_vision/bin'
[11.305s] Level 1:colcon.colcon_core.environment:create_environment_scripts_only(rov_vision)
[11.306s] INFO:colcon.colcon_core.shell:Creating package script '/mnt/c/Users/msı/Desktop/teknofest-akay/install/rov_vision/share/rov_vision/package.ps1'
[11.407s] INFO:colcon.colcon_core.shell:Creating package descriptor '/mnt/c/Users/msı/Desktop/teknofest-akay/install/rov_vision/share/rov_vision/package.dsv'
[11.492s] INFO:colcon.colcon_core.shell:Creating package script '/mnt/c/Users/msı/Desktop/teknofest-akay/install/rov_vision/share/rov_vision/package.sh'
[11.614s] INFO:colcon.colcon_core.shell:Creating package script '/mnt/c/Users/msı/Desktop/teknofest-akay/install/rov_vision/share/rov_vision/package.bash'
[11.672s] INFO:colcon.colcon_core.shell:Creating package script '/mnt/c/Users/msı/Desktop/teknofest-akay/install/rov_vision/share/rov_vision/package.zsh'
[11.749s] Level 1:colcon.colcon_core.environment:create_file_with_runtime_dependencies(/mnt/c/Users/msı/Desktop/teknofest-akay/install/rov_vision/share/colcon-core/packages/rov_vision)
[11.839s] DEBUG:colcon.colcon_parallel_executor.executor.parallel:closing loop
[11.842s] DEBUG:colcon.colcon_parallel_executor.executor.parallel:loop closed
[11.846s] DEBUG:colcon.colcon_parallel_executor.executor.parallel:run_until_complete finished with '0'
[11.859s] DEBUG:colcon.colcon_core.event_reactor:joining thread
[12.122s] INFO:colcon.colcon_core.plugin_system:Skipping extension 'colcon_notification.desktop_notification.notify_send': Could not find 'notify-send'
[12.123s] INFO:colcon.colcon_core.plugin_system:Skipping extension 'colcon_notification.desktop_notification.terminal_notifier': Not used on non-Darwin systems
[12.124s] INFO:colcon.colcon_core.plugin_system:Skipping extension 'colcon_notification.desktop_notification.win32': Not used on non-Windows systems
[12.125s] INFO:colcon.colcon_notification.desktop_notification:Sending desktop notification using 'notify2'
[12.125s] DEBUG:colcon.colcon_notification.desktop_notification.notify2:Failed to initialize notify2: org.freedesktop.DBus.Error.FileNotFound: Failed to connect to socket /run/user/1000/bus: No such file or directory
[12.126s] DEBUG:colcon.colcon_core.event_reactor:joined thread
[12.126s] INFO:colcon.colcon_core.shell:Creating prefix script '/mnt/c/Users/msı/Desktop/teknofest-akay/install/local_setup.ps1'
[12.197s] INFO:colcon.colcon_core.shell:Creating prefix util module '/mnt/c/Users/msı/Desktop/teknofest-akay/install/_local_setup_util_ps1.py'
[12.210s] INFO:colcon.colcon_core.shell:Creating prefix chain script '/mnt/c/Users/msı/Desktop/teknofest-akay/install/setup.ps1'
[12.268s] INFO:colcon.colcon_core.shell:Creating prefix script '/mnt/c/Users/msı/Desktop/teknofest-akay/install/local_setup.sh'
[12.312s] INFO:colcon.colcon_core.shell:Creating prefix util module '/mnt/c/Users/msı/Desktop/teknofest-akay/install/_local_setup_util_sh.py'
[12.323s] INFO:colcon.colcon_core.shell:Creating prefix chain script '/mnt/c/Users/msı/Desktop/teknofest-akay/install/setup.sh'
[12.353s] INFO:colcon.colcon_core.shell:Creating prefix script '/mnt/c/Users/msı/Desktop/teknofest-akay/install/local_setup.bash'
[12.388s] INFO:colcon.colcon_core.shell:Creating prefix chain script '/mnt/c/Users/msı/Desktop/teknofest-akay/install/setup.bash'
[12.413s] INFO:colcon.colcon_core.shell:Creating prefix script '/mnt/c/Users/msı/Desktop/teknofest-akay/install/local_setup.zsh'
[12.443s] INFO:colcon.colcon_core.shell:Creating prefix chain script '/mnt/c/Users/msı/Desktop/teknofest-akay/install/setup.zsh'
